2025/07/14 13:47:22 [error] [exception.ParseError] ParseError: syntax error, unexpected end of file, expecting function (T_FUNCTION) or const (T_CONST) in C:\wamp64\www\mobarat\protected\controllers\SiteController.php:490
Stack trace:
#0 C:\wamp64\www\YiiApps\framework\web\CWebApplication.php(276): CWebApplication->createController('schoolDetails/')
#1 C:\wamp64\www\YiiApps\framework\web\CWebApplication.php(141): CWebApplication->runController('site/schoolDeta...')
#2 C:\wamp64\www\YiiApps\framework\base\CApplication.php(184): CWebApplication->processRequest()
#3 C:\wamp64\www\mobarat\index.php(27): CApplication->run()
#4 {main}
REQUEST_URI=/index.php/site/allPoster?r=site/schoolDetails&project_id=10526
---
2025/07/16 12:44:53 [error] [php] Trying to get property 'school_id' of non-object (C:\wamp64\www\mobarat\protected\filters\ProjectFilter.php:91)
Stack trace:
#0 C:\wamp64\www\YiiApps\framework\web\filters\CFilter.php(40): CFilterChain->run()
#1 C:\wamp64\www\YiiApps\framework\web\CController.php(1145): CAccessControlFilter->filter()
#2 C:\wamp64\www\YiiApps\framework\web\filters\CInlineFilter.php(58): ProjectController->filterAccessControl()
#3 C:\wamp64\www\YiiApps\framework\web\filters\CFilterChain.php(130): CInlineFilter->filter()
#4 C:\wamp64\www\YiiApps\framework\web\CController.php(291): CFilterChain->run()
#5 C:\wamp64\www\YiiApps\framework\web\CController.php(265): ProjectController->runActionWithFilters()
#6 C:\wamp64\www\YiiApps\framework\web\CWebApplication.php(282): ProjectController->run()
#7 C:\wamp64\www\YiiApps\framework\web\CWebApplication.php(141): CWebApplication->runController()
#8 C:\wamp64\www\YiiApps\framework\base\CApplication.php(184): CWebApplication->processRequest()
#9 C:\wamp64\www\mobarat\index.php(27): CWebApplication->run()
REQUEST_URI=/index.php/project/projectUpdate/prjid/favicon.ico
in C:\wamp64\www\mobarat\protected\filters\ProjectFilter.php (91)
in C:\wamp64\www\mobarat\index.php (27)
2025/07/16 12:54:32 [error] [exception.ParseError] ParseError: syntax error, unexpected end of file, expecting function (T_FUNCTION) or const (T_CONST) in C:\wamp64\www\mobarat\protected\controllers\SiteController.php:483
Stack trace:
#0 C:\wamp64\www\YiiApps\framework\web\CWebApplication.php(276): CWebApplication->createController('schoolDetails/')
#1 C:\wamp64\www\YiiApps\framework\web\CWebApplication.php(141): CWebApplication->runController('site/schoolDeta...')
#2 C:\wamp64\www\YiiApps\framework\base\CApplication.php(184): CWebApplication->processRequest()
#3 C:\wamp64\www\mobarat\index.php(27): CApplication->run()
#4 {main}
REQUEST_URI=/index.php/site/allPoster?r=site/schoolDetails&project_id=10028
HTTP_REFERER=http://mobarat.co/index.php/site/allPoster
---
2025/07/16 12:54:49 [error] [php] Undefined variable: baseUrl (C:\wamp64\www\mobarat\protected\controllers\SiteController.php:467)
Stack trace:
#0 C:\wamp64\www\YiiApps\framework\web\actions\CInlineAction.php(47): CInlineAction->runWithParamsInternal()
#1 C:\wamp64\www\YiiApps\framework\web\CController.php(308): CInlineAction->runWithParams()
#2 C:\wamp64\www\YiiApps\framework\web\CController.php(286): SiteController->runAction()
#3 C:\wamp64\www\YiiApps\framework\web\CController.php(265): SiteController->runActionWithFilters()
#4 C:\wamp64\www\YiiApps\framework\web\CWebApplication.php(282): SiteController->run()
#5 C:\wamp64\www\YiiApps\framework\web\CWebApplication.php(141): CWebApplication->runController()
#6 C:\wamp64\www\YiiApps\framework\base\CApplication.php(184): CWebApplication->processRequest()
#7 C:\wamp64\www\mobarat\index.php(27): CWebApplication->run()
REQUEST_URI=/index.php/site/allPoster?r=site/schoolDetails&project_id=10028
in C:\wamp64\www\mobarat\protected\controllers\SiteController.php (467)
in C:\wamp64\www\mobarat\index.php (27)
2025/07/16 14:38:06 [error] [php] Undefined variable: posters (C:\wamp64\www\mobarat\themes\classic\views\site\all_poster.php:101)
Stack trace:
#0 C:\wamp64\www\YiiApps\framework\web\CController.php(869): SiteController->renderFile()
#1 C:\wamp64\www\YiiApps\framework\web\CController.php(782): SiteController->renderPartial()
#2 C:\wamp64\www\mobarat\protected\controllers\SiteController.php(350): SiteController->render()
#3 C:\wamp64\www\YiiApps\framework\web\actions\CInlineAction.php(49): SiteController->actionAllPoster()
#4 C:\wamp64\www\YiiApps\framework\web\CController.php(308): CInlineAction->runWithParams()
#5 C:\wamp64\www\YiiApps\framework\web\CController.php(286): SiteController->runAction()
#6 C:\wamp64\www\YiiApps\framework\web\CController.php(265): SiteController->runActionWithFilters()
#7 C:\wamp64\www\YiiApps\framework\web\CWebApplication.php(282): SiteController->run()
#8 C:\wamp64\www\YiiApps\framework\web\CWebApplication.php(141): CWebApplication->runController()
#9 C:\wamp64\www\YiiApps\framework\base\CApplication.php(184): CWebApplication->processRequest()
#10 C:\wamp64\www\mobarat\index.php(27): CWebApplication->run()
REQUEST_URI=/index.php/site/allPoster
in C:\wamp64\www\mobarat\themes\classic\views\site\all_poster.php (101)
in C:\wamp64\www\mobarat\protected\controllers\SiteController.php (350)
in C:\wamp64\www\mobarat\index.php (27)
2025/07/16 14:43:22 [error] [php] Undefined variable: limit (C:\wamp64\www\mobarat\protected\controllers\SiteController.php:319)
Stack trace:
#0 C:\wamp64\www\YiiApps\framework\web\CController.php(286): SiteController->runAction()
#1 C:\wamp64\www\YiiApps\framework\web\CController.php(265): SiteController->runActionWithFilters()
#2 C:\wamp64\www\YiiApps\framework\web\CWebApplication.php(282): SiteController->run()
#3 C:\wamp64\www\YiiApps\framework\web\CWebApplication.php(141): CWebApplication->runController()
#4 C:\wamp64\www\YiiApps\framework\base\CApplication.php(184): CWebApplication->processRequest()
#5 C:\wamp64\www\mobarat\index.php(27): CWebApplication->run()
REQUEST_URI=/index.php/site/allPoster
in C:\wamp64\www\mobarat\protected\controllers\SiteController.php (319)
in C:\wamp64\www\mobarat\index.php (27)
2025/08/11 07:44:53 [error] [php] Cannot modify header information - headers already sent by (output started at C:\wamp64\www\mobarat\protected\components\PHPExcel\Shared\String.php:526) (C:\wamp64\www\mobarat\protected\components\cls_toCSV.php:20)
Stack trace:
#0 C:\wamp64\www\mobarat\protected\controllers\PersonstudentController.php(706): exportToCSV()
#1 C:\wamp64\www\YiiApps\framework\web\actions\CInlineAction.php(49): PersonstudentController->actiontoexcel()
#2 C:\wamp64\www\YiiApps\framework\web\CController.php(308): CInlineAction->runWithParams()
#3 C:\wamp64\www\YiiApps\framework\web\filters\CFilterChain.php(133): PersonstudentController->runAction()
#4 C:\wamp64\www\YiiApps\framework\web\filters\CFilter.php(40): CFilterChain->run()
#5 C:\wamp64\www\YiiApps\framework\web\filters\CFilterChain.php(130): PersonstudentFilter->filter()
#6 C:\wamp64\www\YiiApps\framework\web\filters\CFilter.php(40): CFilterChain->run()
#7 C:\wamp64\www\YiiApps\framework\web\CController.php(1145): CAccessControlFilter->filter()
#8 C:\wamp64\www\YiiApps\framework\web\filters\CInlineFilter.php(58): PersonstudentController->filterAccessControl()
#9 C:\wamp64\www\YiiApps\framework\web\filters\CFilterChain.php(130): CInlineFilter->filter()
#10 C:\wamp64\www\YiiApps\framework\web\CController.php(291): CFilterChain->run()
#11 C:\wamp64\www\YiiApps\framework\web\CController.php(265): PersonstudentController->runActionWithFilters()
#12 C:\wamp64\www\YiiApps\framework\web\CWebApplication.php(282): PersonstudentController->run()
#13 C:\wamp64\www\YiiApps\framework\web\CWebApplication.php(141): CWebApplication->runController()
#14 C:\wamp64\www\YiiApps\framework\base\CApplication.php(184): CWebApplication->processRequest()
#15 C:\wamp64\www\mobarat\index.php(27): CWebApplication->run()
REQUEST_URI=/index.php/personstudent/toexcel
in C:\wamp64\www\mobarat\protected\components\cls_toCSV.php (20)
in C:\wamp64\www\mobarat\protected\components\cls_toCSV.php (169)
in C:\wamp64\www\mobarat\protected\controllers\PersonstudentController.php (706)
2025/08/11 07:44:56 [error] [php] Undefined index: txtFname (C:\wamp64\www\mobarat\protected\controllers\PersonstudentController.php:687)
Stack trace:
#0 C:\wamp64\www\YiiApps\framework\web\filters\CFilterChain.php(133): PersonstudentController->runAction()
#1 C:\wamp64\www\YiiApps\framework\web\filters\CFilter.php(40): CFilterChain->run()
#2 C:\wamp64\www\YiiApps\framework\web\filters\CFilterChain.php(130): PersonstudentFilter->filter()
#3 C:\wamp64\www\YiiApps\framework\web\filters\CFilter.php(40): CFilterChain->run()
#4 C:\wamp64\www\YiiApps\framework\web\CController.php(1145): CAccessControlFilter->filter()
#5 C:\wamp64\www\YiiApps\framework\web\filters\CInlineFilter.php(58): PersonstudentController->filterAccessControl()
#6 C:\wamp64\www\YiiApps\framework\web\filters\CFilterChain.php(130): CInlineFilter->filter()
#7 C:\wamp64\www\YiiApps\framework\web\CController.php(291): CFilterChain->run()
#8 C:\wamp64\www\YiiApps\framework\web\CController.php(265): PersonstudentController->runActionWithFilters()
#9 C:\wamp64\www\YiiApps\framework\web\CWebApplication.php(282): PersonstudentController->run()
#10 C:\wamp64\www\YiiApps\framework\web\CWebApplication.php(141): CWebApplication->runController()
#11 C:\wamp64\www\YiiApps\framework\base\CApplication.php(184): CWebApplication->processRequest()
#12 C:\wamp64\www\mobarat\index.php(27): CWebApplication->run()
REQUEST_URI=/index.php/personstudent/toexcel
in C:\wamp64\www\mobarat\protected\controllers\PersonstudentController.php (687)
in C:\wamp64\www\mobarat\index.php (27)
2025/08/11 07:45:00 [error] [php] Undefined index: txtFname (C:\wamp64\www\mobarat\protected\controllers\PersonstudentController.php:687)
Stack trace:
#0 C:\wamp64\www\YiiApps\framework\web\filters\CFilterChain.php(133): PersonstudentController->runAction()
#1 C:\wamp64\www\YiiApps\framework\web\filters\CFilter.php(40): CFilterChain->run()
#2 C:\wamp64\www\YiiApps\framework\web\filters\CFilterChain.php(130): PersonstudentFilter->filter()
#3 C:\wamp64\www\YiiApps\framework\web\filters\CFilter.php(40): CFilterChain->run()
#4 C:\wamp64\www\YiiApps\framework\web\CController.php(1145): CAccessControlFilter->filter()
#5 C:\wamp64\www\YiiApps\framework\web\filters\CInlineFilter.php(58): PersonstudentController->filterAccessControl()
#6 C:\wamp64\www\YiiApps\framework\web\filters\CFilterChain.php(130): CInlineFilter->filter()
#7 C:\wamp64\www\YiiApps\framework\web\CController.php(291): CFilterChain->run()
#8 C:\wamp64\www\YiiApps\framework\web\CController.php(265): PersonstudentController->runActionWithFilters()
#9 C:\wamp64\www\YiiApps\framework\web\CWebApplication.php(282): PersonstudentController->run()
#10 C:\wamp64\www\YiiApps\framework\web\CWebApplication.php(141): CWebApplication->runController()
#11 C:\wamp64\www\YiiApps\framework\base\CApplication.php(184): CWebApplication->processRequest()
#12 C:\wamp64\www\mobarat\index.php(27): CWebApplication->run()
REQUEST_URI=/index.php/personstudent/toexcel
in C:\wamp64\www\mobarat\protected\controllers\PersonstudentController.php (687)
in C:\wamp64\www\mobarat\index.php (27)
2025/08/11 07:45:01 [error] [php] Undefined index: txtFname (C:\wamp64\www\mobarat\protected\controllers\PersonstudentController.php:687)
Stack trace:
#0 C:\wamp64\www\YiiApps\framework\web\filters\CFilterChain.php(133): PersonstudentController->runAction()
#1 C:\wamp64\www\YiiApps\framework\web\filters\CFilter.php(40): CFilterChain->run()
#2 C:\wamp64\www\YiiApps\framework\web\filters\CFilterChain.php(130): PersonstudentFilter->filter()
#3 C:\wamp64\www\YiiApps\framework\web\filters\CFilter.php(40): CFilterChain->run()
#4 C:\wamp64\www\YiiApps\framework\web\CController.php(1145): CAccessControlFilter->filter()
#5 C:\wamp64\www\YiiApps\framework\web\filters\CInlineFilter.php(58): PersonstudentController->filterAccessControl()
#6 C:\wamp64\www\YiiApps\framework\web\filters\CFilterChain.php(130): CInlineFilter->filter()
#7 C:\wamp64\www\YiiApps\framework\web\CController.php(291): CFilterChain->run()
#8 C:\wamp64\www\YiiApps\framework\web\CController.php(265): PersonstudentController->runActionWithFilters()
#9 C:\wamp64\www\YiiApps\framework\web\CWebApplication.php(282): PersonstudentController->run()
#10 C:\wamp64\www\YiiApps\framework\web\CWebApplication.php(141): CWebApplication->runController()
#11 C:\wamp64\www\YiiApps\framework\base\CApplication.php(184): CWebApplication->processRequest()
#12 C:\wamp64\www\mobarat\index.php(27): CWebApplication->run()
REQUEST_URI=/index.php/personstudent/toexcel
in C:\wamp64\www\mobarat\protected\controllers\PersonstudentController.php (687)
in C:\wamp64\www\mobarat\index.php (27)
2025/08/14 11:54:46 [error] [php] Cannot modify header information - headers already sent by (output started at C:\wamp64\www\mobarat\protected\components\PHPExcel\Shared\String.php:526) (C:\wamp64\www\mobarat\protected\components\cls_toCSV.php:20)
Stack trace:
#0 C:\wamp64\www\mobarat\protected\controllers\PersonstudentController.php(762): exportToCSV()
#1 C:\wamp64\www\YiiApps\framework\web\actions\CInlineAction.php(49): PersonstudentController->actiontoexcel()
#2 C:\wamp64\www\YiiApps\framework\web\CController.php(308): CInlineAction->runWithParams()
#3 C:\wamp64\www\YiiApps\framework\web\filters\CFilterChain.php(133): PersonstudentController->runAction()
#4 C:\wamp64\www\YiiApps\framework\web\filters\CFilter.php(40): CFilterChain->run()
#5 C:\wamp64\www\YiiApps\framework\web\filters\CFilterChain.php(130): PersonstudentFilter->filter()
#6 C:\wamp64\www\YiiApps\framework\web\filters\CFilter.php(40): CFilterChain->run()
#7 C:\wamp64\www\YiiApps\framework\web\CController.php(1145): CAccessControlFilter->filter()
#8 C:\wamp64\www\YiiApps\framework\web\filters\CInlineFilter.php(58): PersonstudentController->filterAccessControl()
#9 C:\wamp64\www\YiiApps\framework\web\filters\CFilterChain.php(130): CInlineFilter->filter()
#10 C:\wamp64\www\YiiApps\framework\web\CController.php(291): CFilterChain->run()
#11 C:\wamp64\www\YiiApps\framework\web\CController.php(265): PersonstudentController->runActionWithFilters()
#12 C:\wamp64\www\YiiApps\framework\web\CWebApplication.php(282): PersonstudentController->run()
#13 C:\wamp64\www\YiiApps\framework\web\CWebApplication.php(141): CWebApplication->runController()
#14 C:\wamp64\www\YiiApps\framework\base\CApplication.php(184): CWebApplication->processRequest()
#15 C:\wamp64\www\mobarat\index.php(27): CWebApplication->run()
REQUEST_URI=/index.php/personstudent/toexcel
in C:\wamp64\www\mobarat\protected\components\cls_toCSV.php (20)
in C:\wamp64\www\mobarat\protected\components\cls_toCSV.php (169)
in C:\wamp64\www\mobarat\protected\controllers\PersonstudentController.php (762)
2025/08/14 11:54:48 [error] [php] Undefined index: txtFname (C:\wamp64\www\mobarat\protected\controllers\PersonstudentController.php:732)
Stack trace:
#0 C:\wamp64\www\YiiApps\framework\web\filters\CFilterChain.php(133): PersonstudentController->runAction()
#1 C:\wamp64\www\YiiApps\framework\web\filters\CFilter.php(40): CFilterChain->run()
#2 C:\wamp64\www\YiiApps\framework\web\filters\CFilterChain.php(130): PersonstudentFilter->filter()
#3 C:\wamp64\www\YiiApps\framework\web\filters\CFilter.php(40): CFilterChain->run()
#4 C:\wamp64\www\YiiApps\framework\web\CController.php(1145): CAccessControlFilter->filter()
#5 C:\wamp64\www\YiiApps\framework\web\filters\CInlineFilter.php(58): PersonstudentController->filterAccessControl()
#6 C:\wamp64\www\YiiApps\framework\web\filters\CFilterChain.php(130): CInlineFilter->filter()
#7 C:\wamp64\www\YiiApps\framework\web\CController.php(291): CFilterChain->run()
#8 C:\wamp64\www\YiiApps\framework\web\CController.php(265): PersonstudentController->runActionWithFilters()
#9 C:\wamp64\www\YiiApps\framework\web\CWebApplication.php(282): PersonstudentController->run()
#10 C:\wamp64\www\YiiApps\framework\web\CWebApplication.php(141): CWebApplication->runController()
#11 C:\wamp64\www\YiiApps\framework\base\CApplication.php(184): CWebApplication->processRequest()
#12 C:\wamp64\www\mobarat\index.php(27): CWebApplication->run()
REQUEST_URI=/index.php/personstudent/toexcel
in C:\wamp64\www\mobarat\protected\controllers\PersonstudentController.php (732)
in C:\wamp64\www\mobarat\index.php (27)
2025/08/14 11:54:52 [error] [php] Undefined index: txtFname (C:\wamp64\www\mobarat\protected\controllers\PersonstudentController.php:732)
Stack trace:
#0 C:\wamp64\www\YiiApps\framework\web\filters\CFilterChain.php(133): PersonstudentController->runAction()
#1 C:\wamp64\www\YiiApps\framework\web\filters\CFilter.php(40): CFilterChain->run()
#2 C:\wamp64\www\YiiApps\framework\web\filters\CFilterChain.php(130): PersonstudentFilter->filter()
#3 C:\wamp64\www\YiiApps\framework\web\filters\CFilter.php(40): CFilterChain->run()
#4 C:\wamp64\www\YiiApps\framework\web\CController.php(1145): CAccessControlFilter->filter()
#5 C:\wamp64\www\YiiApps\framework\web\filters\CInlineFilter.php(58): PersonstudentController->filterAccessControl()
#6 C:\wamp64\www\YiiApps\framework\web\filters\CFilterChain.php(130): CInlineFilter->filter()
#7 C:\wamp64\www\YiiApps\framework\web\CController.php(291): CFilterChain->run()
#8 C:\wamp64\www\YiiApps\framework\web\CController.php(265): PersonstudentController->runActionWithFilters()
#9 C:\wamp64\www\YiiApps\framework\web\CWebApplication.php(282): PersonstudentController->run()
#10 C:\wamp64\www\YiiApps\framework\web\CWebApplication.php(141): CWebApplication->runController()
#11 C:\wamp64\www\YiiApps\framework\base\CApplication.php(184): CWebApplication->processRequest()
#12 C:\wamp64\www\mobarat\index.php(27): CWebApplication->run()
REQUEST_URI=/index.php/personstudent/toexcel
in C:\wamp64\www\mobarat\protected\controllers\PersonstudentController.php (732)
in C:\wamp64\www\mobarat\index.php (27)
2025/08/15 11:24:08 [error] [php] Cannot modify header information - headers already sent by (output started at C:\wamp64\www\mobarat\protected\components\PHPExcel\Shared\String.php:526) (C:\wamp64\www\mobarat\protected\components\cls_toCSV.php:20)
Stack trace:
#0 C:\wamp64\www\mobarat\protected\controllers\PersonstudentController.php(757): exportToCSV()
#1 C:\wamp64\www\YiiApps\framework\web\actions\CInlineAction.php(49): PersonstudentController->actiontoexcel()
#2 C:\wamp64\www\YiiApps\framework\web\CController.php(308): CInlineAction->runWithParams()
#3 C:\wamp64\www\YiiApps\framework\web\filters\CFilterChain.php(133): PersonstudentController->runAction()
#4 C:\wamp64\www\YiiApps\framework\web\filters\CFilter.php(40): CFilterChain->run()
#5 C:\wamp64\www\YiiApps\framework\web\filters\CFilterChain.php(130): PersonstudentFilter->filter()
#6 C:\wamp64\www\YiiApps\framework\web\filters\CFilter.php(40): CFilterChain->run()
#7 C:\wamp64\www\YiiApps\framework\web\CController.php(1145): CAccessControlFilter->filter()
#8 C:\wamp64\www\YiiApps\framework\web\filters\CInlineFilter.php(58): PersonstudentController->filterAccessControl()
#9 C:\wamp64\www\YiiApps\framework\web\filters\CFilterChain.php(130): CInlineFilter->filter()
#10 C:\wamp64\www\YiiApps\framework\web\CController.php(291): CFilterChain->run()
#11 C:\wamp64\www\YiiApps\framework\web\CController.php(265): PersonstudentController->runActionWithFilters()
#12 C:\wamp64\www\YiiApps\framework\web\CWebApplication.php(282): PersonstudentController->run()
#13 C:\wamp64\www\YiiApps\framework\web\CWebApplication.php(141): CWebApplication->runController()
#14 C:\wamp64\www\YiiApps\framework\base\CApplication.php(184): CWebApplication->processRequest()
#15 C:\wamp64\www\mobarat\index.php(27): CWebApplication->run()
REQUEST_URI=/index.php/personstudent/toexcel
in C:\wamp64\www\mobarat\protected\components\cls_toCSV.php (20)
in C:\wamp64\www\mobarat\protected\components\cls_toCSV.php (169)
in C:\wamp64\www\mobarat\protected\controllers\PersonstudentController.php (757)
2026/01/28 08:27:45 [error] [system.db.CDbCommand] CDbCommand::fetchAll() failed: SQLSTATE[42S22]: Column not found: 1054 Unknown column 'favicon.ico' in 'where clause'. The SQL statement executed was: SELECT project_judge_id,project_id,judge_id,judge_personId,grade FROM project_judge  where project_judge_id=favicon.ico.
in C:\xampp\htdocs\mobarat\protected\controllers\PersonjudgeController.php (319)
in C:\xampp\htdocs\mobarat\index.php (27)
2026/01/28 08:41:07 [error] [system.db.CDbCommand] CDbCommand::fetchAll() failed: SQLSTATE[42S22]: Column not found: 1054 Unknown column 'favicon.ico' in 'where clause'. The SQL statement executed was: SELECT project_judge_id,project_id,judge_id,judge_personId,grade FROM project_judge  where project_judge_id=favicon.ico.
in C:\xampp\htdocs\mobarat\protected\controllers\PersonjudgeController.php (319)
in C:\xampp\htdocs\mobarat\index.php (27)
2026/01/28 08:47:21 [error] [system.db.CDbCommand] CDbCommand::fetchAll() failed: SQLSTATE[42S22]: Column not found: 1054 Unknown column 'favicon.ico' in 'where clause'. The SQL statement executed was: SELECT project_judge_id,project_id,judge_id,judge_personId,grade FROM project_judge  where project_judge_id=favicon.ico.
in C:\xampp\htdocs\mobarat\protected\controllers\PersonjudgeController.php (319)
in C:\xampp\htdocs\mobarat\index.php (27)
2026/01/28 08:48:44 [error] [system.db.CDbCommand] CDbCommand::fetchAll() failed: SQLSTATE[42S22]: Column not found: 1054 Unknown column 'favicon.ico' in 'where clause'. The SQL statement executed was: SELECT project_judge_id,project_id,judge_id,judge_personId,grade FROM project_judge  where project_judge_id=favicon.ico.
in C:\xampp\htdocs\mobarat\protected\controllers\PersonjudgeController.php (320)
in C:\xampp\htdocs\mobarat\index.php (27)
2026/01/28 08:50:03 [error] [system.db.CDbCommand] CDbCommand::fetchAll() failed: SQLSTATE[42S22]: Column not found: 1054 Unknown column 'favicon.ico' in 'where clause'. The SQL statement executed was: SELECT project_judge_id,project_id,judge_id,judge_personId,grade FROM project_judge  where project_judge_id=favicon.ico.
in C:\xampp\htdocs\mobarat\protected\controllers\PersonjudgeController.php (321)
in C:\xampp\htdocs\mobarat\index.php (27)
